CREATE USER SA PASSWORD "" ADMIN
/*C1*/SET SCHEMA PUBLIC
CONNECT USER SA
DISCONNECT
/*C2*/SET SCHEMA PUBLIC
CONNECT USER SA
create table issue (id bigint generated by default as identity (start with 1), version bigint not null, closed timestamp not null, deeps integer not null, description varchar(255) not null, opened timestamp not null, reference_id integer not null, state_id bigint not null, title varchar(255) not null, primary key (id))
create table state (id bigint generated by default as identity (start with 1), version bigint not null, name varchar(255) not null, primary key (id))
alter table issue add constraint FK5FDA8D95359EBFA foreign key (state_id) references state
INSERT INTO STATE VALUES(1,0,'-')
INSERT INTO STATE VALUES(2,0,'open')
INSERT INTO STATE VALUES(3,0,'close')
INSERT INTO STATE VALUES(4,0,'freeze')
SET AUTOCOMMIT FALSE
SET AUTOCOMMIT TRUE
INSERT INTO ISSUE VALUES(1,0,'2010-01-26 00:00:00.000000000',0,'\u30c6\u30b9\u30c8','2010-01-26 00:00:00.000000000',0,2,'\u30c6\u30b9\u30c8')
SET AUTOCOMMIT FALSE
SET AUTOCOMMIT TRUE
INSERT INTO ISSUE VALUES(2,0,'2010-01-26 00:00:00.000000000',1,'\u89aa\u30bf\u30b9\u30af\u306b\u5bfe\u3059\u308b\u30b5\u30d6\u30bf\u30b9\u30af\u3092\u767b\u9332','2010-01-26 00:00:00.000000000',1,1,'\u30b5\u30d6\u30bf\u30b9\u30af')
SET AUTOCOMMIT FALSE
SET AUTOCOMMIT TRUE
INSERT INTO ISSUE VALUES(3,0,'2010-01-26 00:00:00.000000000',2,'\u30b5\u30d6\u30bf\u30b9\u30af\u306e\u30b5\u30d6\u30bf\u30b9\u30af\u3092\u767b\u9332\u3059\u308b','2010-01-26 00:00:00.000000000',2,1,'\u30b5\u30d6\u30bf\u30b9\u30af\u306e\u30b5\u30d6\u30bf\u30b9\u30af')
SET AUTOCOMMIT FALSE
SET AUTOCOMMIT TRUE
INSERT INTO ISSUE VALUES(4,0,'2010-01-26 00:00:00.000000000',0,'','2010-01-26 00:00:00.000000000',0,1,'View\u306e\u30a2\u30a4\u30b3\u30f3\u3092\u5909\u3048\u308b')
SET AUTOCOMMIT FALSE
SET AUTOCOMMIT TRUE
INSERT INTO ISSUE VALUES(5,0,'2010-01-26 00:00:00.000000000',0,'','2010-01-26 00:00:00.000000000',0,1,'\u524a\u9664\u6642\u306b\u78ba\u8a8d\u3059\u308b')
SET AUTOCOMMIT FALSE
SET AUTOCOMMIT TRUE
